0 info it worked if it ends with ok
1 verbose cli [ '/usr/local/bin/node', '/usr/local/bin/npm', 'install' ]
2 info using npm@1.4.28
3 info using node@v0.10.33
4 verbose readDependencies using package.json deps
5 verbose install where, deps [ '/Users/Shared/projects/fitness-tracker',
5 verbose install   [ 'express',
5 verbose install     'body-parser',
5 verbose install     'cookie-parser',
5 verbose install     'promise',
5 verbose install     'morgan',
5 verbose install     'serve-favicon',
5 verbose install     'debug',
5 verbose install     'mongodb',
5 verbose install     'mongoskin',
5 verbose install     'express-handlebars',
5 verbose install     'moment',
5 verbose install     'moment-timezone',
5 verbose install     'q',
5 verbose install     'compass' ] ]
6 info preinstall fitness-tracker@0.0.0
7 warn package.json mongo@0.1.0 No repository field.
8 warn package.json mongo@0.1.0 No README data
9 verbose readDependencies using package.json deps
10 verbose already installed skipping morgan@~1.3.0 /Users/Shared/projects/fitness-tracker
11 verbose already installed skipping serve-favicon@~2.1.3 /Users/Shared/projects/fitness-tracker
12 verbose already installed skipping debug@~2.0.0 /Users/Shared/projects/fitness-tracker
13 verbose cache add [ 'mongodb@~2.6.0', null ]
14 verbose cache add name=undefined spec="mongodb@~2.6.0" args=["mongodb@~2.6.0",null]
15 verbose parsed url { protocol: null,
15 verbose parsed url   slashes: null,
15 verbose parsed url   auth: null,
15 verbose parsed url   host: null,
15 verbose parsed url   port: null,
15 verbose parsed url   hostname: null,
15 verbose parsed url   hash: null,
15 verbose parsed url   search: null,
15 verbose parsed url   query: null,
15 verbose parsed url   pathname: 'mongodb@~2.6.0',
15 verbose parsed url   path: 'mongodb@~2.6.0',
15 verbose parsed url   href: 'mongodb@~2.6.0' }
16 verbose cache add [ 'mongoskin@~2.0.0', null ]
17 verbose cache add name=undefined spec="mongoskin@~2.0.0" args=["mongoskin@~2.0.0",null]
18 verbose parsed url { protocol: null,
18 verbose parsed url   slashes: null,
18 verbose parsed url   auth: null,
18 verbose parsed url   host: null,
18 verbose parsed url   port: null,
18 verbose parsed url   hostname: null,
18 verbose parsed url   hash: null,
18 verbose parsed url   search: null,
18 verbose parsed url   query: null,
18 verbose parsed url   pathname: 'mongoskin@~2.0.0',
18 verbose parsed url   path: 'mongoskin@~2.0.0',
18 verbose parsed url   href: 'mongoskin@~2.0.0' }
19 verbose cache add name="mongodb" spec="~2.6.0" args=["mongodb","~2.6.0"]
20 verbose parsed url { protocol: null,
20 verbose parsed url   slashes: null,
20 verbose parsed url   auth: null,
20 verbose parsed url   host: null,
20 verbose parsed url   port: null,
20 verbose parsed url   hostname: null,
20 verbose parsed url   hash: null,
20 verbose parsed url   search: null,
20 verbose parsed url   query: null,
20 verbose parsed url   pathname: '~2.6.0',
20 verbose parsed url   path: '~2.6.0',
20 verbose parsed url   href: '~2.6.0' }
21 verbose addNamed [ 'mongodb', '~2.6.0' ]
22 verbose addNamed [ null, '>=2.6.0-0 <2.7.0-0' ]
23 verbose already installed skipping express-handlebars@~1.1.0 /Users/Shared/projects/fitness-tracker
24 verbose cache add name="mongoskin" spec="~2.0.0" args=["mongoskin","~2.0.0"]
25 verbose parsed url { protocol: null,
25 verbose parsed url   slashes: null,
25 verbose parsed url   auth: null,
25 verbose parsed url   host: null,
25 verbose parsed url   port: null,
25 verbose parsed url   hostname: null,
25 verbose parsed url   hash: null,
25 verbose parsed url   search: null,
25 verbose parsed url   query: null,
25 verbose parsed url   pathname: '~2.0.0',
25 verbose parsed url   path: '~2.0.0',
25 verbose parsed url   href: '~2.0.0' }
26 verbose addNamed [ 'mongoskin', '~2.0.0' ]
27 verbose addNamed [ null, '>=2.0.0-0 <2.1.0-0' ]
28 silly lockFile effd558b-mongodb-2-6-0 mongodb@~2.6.0
29 verbose lock mongodb@~2.6.0 /Users/spencergray/.npm/effd558b-mongodb-2-6-0.lock
30 silly lockFile a4e74001-mongoskin-2-0-0 mongoskin@~2.0.0
31 verbose lock mongoskin@~2.0.0 /Users/spencergray/.npm/a4e74001-mongoskin-2-0-0.lock
32 verbose already installed skipping moment@~2.0.0 /Users/Shared/projects/fitness-tracker
33 verbose already installed skipping moment-timezone@^0.3.1 /Users/Shared/projects/fitness-tracker
34 silly addNameRange { name: 'mongodb', range: '>=2.6.0-0 <2.7.0-0', hasData: false }
35 verbose already installed skipping q@~1.0.1 /Users/Shared/projects/fitness-tracker
36 verbose already installed skipping compass@~0.1.0 /Users/Shared/projects/fitness-tracker
37 silly addNameRange { name: 'mongoskin',
37 silly addNameRange   range: '>=2.0.0-0 <2.1.0-0',
37 silly addNameRange   hasData: false }
38 verbose request where is /mongodb
39 verbose request registry https://registry.npmjs.org/
40 verbose request id 051beecfa16a6acb
41 verbose url raw /mongodb
42 verbose url resolving [ 'https://registry.npmjs.org/', './mongodb' ]
43 verbose url resolved https://registry.npmjs.org/mongodb
44 verbose request where is https://registry.npmjs.org/mongodb
45 info trying registry request attempt 1 at 18:07:13
46 http GET https://registry.npmjs.org/mongodb
47 verbose request where is /mongoskin
48 verbose request registry https://registry.npmjs.org/
49 verbose url raw /mongoskin
50 verbose url resolving [ 'https://registry.npmjs.org/', './mongoskin' ]
51 verbose url resolved https://registry.npmjs.org/mongoskin
52 verbose request where is https://registry.npmjs.org/mongoskin
53 info trying registry request attempt 1 at 18:07:13
54 http GET https://registry.npmjs.org/mongoskin
55 verbose already installed skipping express@~4.9.0 /Users/Shared/projects/fitness-tracker
56 verbose already installed skipping body-parser@~1.8.1 /Users/Shared/projects/fitness-tracker
57 verbose already installed skipping cookie-parser@~1.3.3 /Users/Shared/projects/fitness-tracker
58 verbose already installed skipping promise@~6.0.1 /Users/Shared/projects/fitness-tracker
59 http 200 https://registry.npmjs.org/mongoskin
60 silly registry.get cb [ 200,
60 silly registry.get   { server: 'CouchDB/1.5.0 (Erlang OTP/R16B03)',
60 silly registry.get     etag: '"EVRVBEITVA3A2JSNXW9BTPRJC"',
60 silly registry.get     'content-type': 'application/json',
60 silly registry.get     'cache-control': 'max-age=60',
60 silly registry.get     'content-length': '75970',
60 silly registry.get     'accept-ranges': 'bytes',
60 silly registry.get     date: 'Sat, 03 Oct 2015 00:07:13 GMT',
60 silly registry.get     via: '1.1 varnish',
60 silly registry.get     age: '0',
60 silly registry.get     connection: 'keep-alive',
60 silly registry.get     'x-served-by': 'cache-dfw1828-DFW',
60 silly registry.get     'x-cache': 'MISS',
60 silly registry.get     'x-cache-hits': '0',
60 silly registry.get     'x-timer': 'S1443830833.347445,VS0,VE65',
60 silly registry.get     vary: 'Accept' } ]
61 silly addNameRange number 2 { name: 'mongoskin', range: '>=2.0.0-0 <2.1.0-0', hasData: true }
62 silly addNameRange versions [ 'mongoskin',
62 silly addNameRange   [ '0.1.0',
62 silly addNameRange     '0.1.1',
62 silly addNameRange     '0.1.2',
62 silly addNameRange     '0.1.3',
62 silly addNameRange     '0.2.0',
62 silly addNameRange     '0.2.1',
62 silly addNameRange     '0.2.2',
62 silly addNameRange     '0.2.3',
62 silly addNameRange     '0.3.0',
62 silly addNameRange     '0.3.3',
62 silly addNameRange     '0.3.4',
62 silly addNameRange     '0.3.5',
62 silly addNameRange     '0.3.6',
62 silly addNameRange     '0.3.7',
62 silly addNameRange     '0.4.0',
62 silly addNameRange     '0.4.1',
62 silly addNameRange     '0.4.2',
62 silly addNameRange     '0.4.3',
62 silly addNameRange     '0.4.4',
62 silly addNameRange     '0.5.0',
62 silly addNameRange     '0.6.0',
62 silly addNameRange     '0.6.1',
62 silly addNameRange     '1.3.20-alpha',
62 silly addNameRange     '1.3.20',
62 silly addNameRange     '1.3.21',
62 silly addNameRange     '1.3.22',
62 silly addNameRange     '1.3.23',
62 silly addNameRange     '1.4.0',
62 silly addNameRange     '1.4.1',
62 silly addNameRange     '1.4.2',
62 silly addNameRange     '1.4.3',
62 silly addNameRange     '1.4.4',
62 silly addNameRange     '1.4.10-beta',
62 silly addNameRange     '1.4.10',
62 silly addNameRange     '1.4.11',
62 silly addNameRange     '1.4.12',
62 silly addNameRange     '1.4.13',
62 silly addNameRange     '2.0.0' ] ]
63 verbose addNamed [ 'mongoskin', '2.0.0' ]
64 verbose addNamed [ '2.0.0', '2.0.0' ]
65 silly lockFile fc83d3eb-mongoskin-2-0-0 mongoskin@2.0.0
66 verbose lock mongoskin@2.0.0 /Users/spencergray/.npm/fc83d3eb-mongoskin-2-0-0.lock
67 silly lockFile 667ee26f-rg-mongoskin-mongoskin-2-0-0-tgz https://registry.npmjs.org/mongoskin/-/mongoskin-2.0.0.tgz
68 verbose lock https://registry.npmjs.org/mongoskin/-/mongoskin-2.0.0.tgz /Users/spencergray/.npm/667ee26f-rg-mongoskin-mongoskin-2-0-0-tgz.lock
69 verbose addRemoteTarball [ 'https://registry.npmjs.org/mongoskin/-/mongoskin-2.0.0.tgz',
69 verbose addRemoteTarball   'a5c0bcfe617376151b04bcc66cafb4639b65376b' ]
70 info retry fetch attempt 1 at 18:07:13
71 verbose fetch to= /var/folders/v1/9jg8w9c943xfw38dymgv7lfw0000gn/T/npm-3603-yygY1BhW/registry.npmjs.org/mongoskin/-/mongoskin-2.0.0.tgz
72 http GET https://registry.npmjs.org/mongoskin/-/mongoskin-2.0.0.tgz
73 http 200 https://registry.npmjs.org/mongodb
74 silly registry.get cb [ 200,
74 silly registry.get   { server: 'CouchDB/1.5.0 (Erlang OTP/R16B03)',
74 silly registry.get     etag: '"3PY7TY7313TMI00UAX0V9FWBY"',
74 silly registry.get     'content-type': 'application/json',
74 silly registry.get     'cache-control': 'max-age=60',
74 silly registry.get     'content-length': '479618',
74 silly registry.get     'accept-ranges': 'bytes',
74 silly registry.get     date: 'Sat, 03 Oct 2015 00:07:13 GMT',
74 silly registry.get     via: '1.1 varnish',
74 silly registry.get     age: '0',
74 silly registry.get     connection: 'keep-alive',
74 silly registry.get     'x-served-by': 'cache-dfw1831-DFW',
74 silly registry.get     'x-cache': 'HIT',
74 silly registry.get     'x-cache-hits': '1',
74 silly registry.get     'x-timer': 'S1443830833.344421,VS0,VE68',
74 silly registry.get     vary: 'Accept' } ]
75 silly addNameRange number 2 { name: 'mongodb', range: '>=2.6.0-0 <2.7.0-0', hasData: true }
76 silly addNameRange versions [ 'mongodb',
76 silly addNameRange   [ '0.9.4',
76 silly addNameRange     '0.9.4-4',
76 silly addNameRange     '0.9.3',
76 silly addNameRange     '0.9.1',
76 silly addNameRange     '0.9.2',
76 silly addNameRange     '0.9.6-7',
76 silly addNameRange     '0.9.6-8',
76 silly addNameRange     '0.9.6-9',
76 silly addNameRange     '0.9.6-10',
76 silly addNameRange     '0.9.6-11',
76 silly addNameRange     '0.9.6-12',
76 silly addNameRange     '0.9.6-13',
76 silly addNameRange     '0.9.6-14',
76 silly addNameRange     '0.9.6-15',
76 silly addNameRange     '0.9.6-16',
76 silly addNameRange     '0.9.6-17',
76 silly addNameRange     '0.9.6-18',
76 silly addNameRange     '0.9.6-19',
76 silly addNameRange     '0.9.6-20',
76 silly addNameRange     '0.9.6-21',
76 silly addNameRange     '0.9.6-22',
76 silly addNameRange     '0.9.6-23',
76 silly addNameRange     '0.9.7',
76 silly addNameRange     '0.9.7-0',
76 silly addNameRange     '0.9.7-1',
76 silly addNameRange     '0.9.7-1.1',
76 silly addNameRange     '0.9.7-1.2',
76 silly addNameRange     '0.9.7-1.3',
76 silly addNameRange     '0.9.7-1.4',
76 silly addNameRange     '0.9.7-2',
76 silly addNameRange     '0.9.7-2-1',
76 silly addNameRange     '0.9.7-2-2',
76 silly addNameRange     '0.9.7-2-3',
76 silly addNameRange     '0.9.7-2-4',
76 silly addNameRange     '0.9.7-2-5',
76 silly addNameRange     '0.9.7-3',
76 silly addNameRange     '0.9.7-3-1',
76 silly addNameRange     '0.9.7-3-2',
76 silly addNameRange     '0.9.7-3-3',
76 silly addNameRange     '0.9.7-3-4',
76 silly addNameRange     '0.9.7-3-5',
76 silly addNameRange     '0.9.8',
76 silly addNameRange     '0.9.8-1',
76 silly addNameRange     '0.9.8-2',
76 silly addNameRange     '0.9.8-3',
76 silly addNameRange     '0.9.8-4',
76 silly addNameRange     '0.9.8-5',
76 silly addNameRange     '0.9.8-6',
76 silly addNameRange     '0.9.8-7',
76 silly addNameRange     '0.9.9',
76 silly addNameRange     '0.9.9-1',
76 silly addNameRange     '0.9.9-2',
76 silly addNameRange     '0.9.9-3',
76 silly addNameRange     '0.9.9-4',
76 silly addNameRange     '0.9.9-5',
76 silly addNameRange     '0.9.9-6',
76 silly addNameRange     '0.9.9-7',
76 silly addNameRange     '0.9.9-8',
76 silly addNameRange     '1.0.0',
76 silly addNameRange     '1.0.1',
76 silly addNameRange     '1.0.2',
76 silly addNameRange     '1.1.0-beta',
76 silly addNameRange     '1.1.0',
76 silly addNameRange     '1.1.1',
76 silly addNameRange     '1.1.2',
76 silly addNameRange     '1.1.3',
76 silly addNameRange     '1.1.4',
76 silly addNameRange     '1.1.5',
76 silly addNameRange     '1.1.6',
76 silly addNameRange     '1.1.7',
76 silly addNameRange     '1.1.8',
76 silly addNameRange     '1.1.9',
76 silly addNameRange     '1.1.10',
76 silly addNameRange     '1.1.11',
76 silly addNameRange     '1.2.0',
76 silly addNameRange     '1.2.1',
76 silly addNameRange     '1.2.2',
76 silly addNameRange     '1.2.3',
76 silly addNameRange     '1.2.4',
76 silly addNameRange     '1.2.5',
76 silly addNameRange     '1.2.6',
76 silly addNameRange     '1.2.7',
76 silly addNameRange     '1.2.8',
76 silly addNameRange     '1.2.9',
76 silly addNameRange     '1.2.10',
76 silly addNameRange     '1.2.11',
76 silly addNameRange     '1.2.12',
76 silly addNameRange     '1.2.13',
76 silly addNameRange     '1.2.14',
76 silly addNameRange     '1.3.0',
76 silly addNameRange     '1.3.1',
76 silly addNameRange     '1.3.2',
76 silly addNameRange     '1.3.3',
76 silly addNameRange     '1.3.4',
76 silly addNameRange     '1.3.5',
76 silly addNameRange     '1.3.6',
76 silly addNameRange     '1.3.7',
76 silly addNameRange     '1.3.8',
76 silly addNameRange     '1.3.9',
76 silly addNameRange     '1.3.10',
76 silly addNameRange     '1.3.11',
76 silly addNameRange     '1.3.12',
76 silly addNameRange     '1.3.14',
76 silly addNameRange     '1.3.15',
76 silly addNameRange     '1.3.17',
76 silly addNameRange     '1.3.18',
76 silly addNameRange     '1.3.19',
76 silly addNameRange     '1.4.0-rc2',
76 silly addNameRange     '1.3.20',
76 silly addNameRange     '1.4.0-rc3',
76 silly addNameRange     '1.3.21',
76 silly addNameRange     '1.3.22',
76 silly addNameRange     '1.3.23',
76 silly addNameRange     '1.4.0-rc4',
76 silly addNameRange     '1.4.0-rc5',
76 silly addNameRange     '1.4.0-rc6',
76 silly addNameRange     '1.4.0-rc7',
76 silly addNameRange     '1.4.0-rc8',
76 silly addNameRange     '1.4.0-rc9',
76 silly addNameRange     '1.4.0-rc10',
76 silly addNameRange     '1.4.0',
76 silly addNameRange     '1.4.1',
76 silly addNameRange     '1.4.2',
76 silly addNameRange     '1.4.3',
76 silly addNameRange     '1.4.4',
76 silly addNameRange     '1.4.5',
76 silly addNameRange     '1.4.6',
76 silly addNameRange     '1.4.7',
76 silly addNameRange     '1.4.8',
76 silly addNameRange     '1.4.9',
76 silly addNameRange     '1.4.10',
76 silly addNameRange     '2.0.0-alpha1',
76 silly addNameRange     '1.4.11',
76 silly addNameRange     '1.4.12',
76 silly addNameRange     '1.4.14',
76 silly addNameRange     '1.4.15',
76 silly addNameRange     '1.4.16',
76 silly addNameRange     '1.4.17',
76 silly addNameRange     '2.0.0-alpha2',
76 silly addNameRange     '1.4.18',
76 silly addNameRange     '2.0.0',
76 silly addNameRange     '2.0.1',
76 silly addNameRange     '2.0.2',
76 silly addNameRange     '1.4.19',
76 silly addNameRange     '2.0.3',
76 silly addNameRange     '2.0.4',
76 silly addNameRange     '2.0.5',
76 silly addNameRange     '2.0.6',
76 silly addNameRange     '1.4.20',
76 silly addNameRange     '1.4.22',
76 silly addNameRange     '2.0.7',
76 silly addNameRange     '2.0.8',
76 silly addNameRange     '2.0.9',
76 silly addNameRange     '1.4.23',
76 silly addNameRange     '2.0.10',
76 silly addNameRange     '1.4.24',
76 silly addNameRange     '2.0.11',
76 silly addNameRange     '1.4.25',
76 silly addNameRange     '2.0.12',
76 silly addNameRange     '1.4.26',
76 silly addNameRange     '1.4.27',
76 silly addNameRange     '1.4.28',
76 silly addNameRange     '2.0.13',
76 silly addNameRange     '2.0.14',
76 silly addNameRange     '1.4.29',
76 silly addNameRange     '2.0.15',
76 silly addNameRange     '1.4.30',
76 silly addNameRange     '2.0.16',
76 silly addNameRange     '1.4.31',
76 silly addNameRange     '2.0.17',
76 silly addNameRange     '1.4.32',
76 silly addNameRange     '2.0.18',
76 silly addNameRange     '2.0.19',
76 silly addNameRange     '1.4.33',
76 silly addNameRange     '2.0.20',
76 silly addNameRange     '2.0.21',
76 silly addNameRange     '1.4.34',
76 silly addNameRange     '2.0.22',
76 silly addNameRange     '2.0.23',
76 silly addNameRange     '1.4.35',
76 silly addNameRange     '2.0.24',
76 silly addNameRange     '2.0.25',
76 silly addNameRange     '2.0.26',
76 silly addNameRange     '2.0.27',
76 silly addNameRange     '2.0.28',
76 silly addNameRange     '2.0.29',
76 silly addNameRange     '1.4.36',
76 silly addNameRange     '2.0.30',
76 silly addNameRange     '1.4.37',
76 silly addNameRange     '2.0.31',
76 silly addNameRange     '1.4.38',
76 silly addNameRange     '2.0.32',
76 silly addNameRange     '2.0.33',
76 silly addNameRange     '2.1.0-alpha',
76 silly addNameRange     '2.0.34',
76 silly addNameRange     '2.0.35',
76 silly addNameRange     '2.0.36',
76 silly addNameRange     '2.0.37',
76 silly addNameRange     '2.0.38',
76 silly addNameRange     '2.0.39',
76 silly addNameRange     '1.4.39',
76 silly addNameRange     '2.0.40',
76 silly addNameRange     '2.0.41',
76 silly addNameRange     '2.0.42',
76 silly addNameRange     '2.0.43',
76 silly addNameRange     '2.0.44',
76 silly addNameRange     '2.0.45' ] ]
77 silly lockFile effd558b-mongodb-2-6-0 mongodb@~2.6.0
78 silly lockFile effd558b-mongodb-2-6-0 mongodb@~2.6.0
79 http 200 https://registry.npmjs.org/mongoskin/-/mongoskin-2.0.0.tgz
80 silly lockFile 667ee26f-rg-mongoskin-mongoskin-2-0-0-tgz https://registry.npmjs.org/mongoskin/-/mongoskin-2.0.0.tgz
81 silly lockFile 667ee26f-rg-mongoskin-mongoskin-2-0-0-tgz https://registry.npmjs.org/mongoskin/-/mongoskin-2.0.0.tgz
82 silly lockFile fc83d3eb-mongoskin-2-0-0 mongoskin@2.0.0
83 silly lockFile fc83d3eb-mongoskin-2-0-0 mongoskin@2.0.0
84 silly lockFile a4e74001-mongoskin-2-0-0 mongoskin@~2.0.0
85 silly lockFile a4e74001-mongoskin-2-0-0 mongoskin@~2.0.0
86 error notarget No compatible version found: mongodb@'>=2.6.0-0 <2.7.0-0'
86 error notarget Valid install targets:
86 error notarget ["0.9.4","0.9.4-4","0.9.3","0.9.1","0.9.2","0.9.6-7","0.9.6-8","0.9.6-9","0.9.6-10","0.9.6-11","0.9.6-12","0.9.6-13","0.9.6-14","0.9.6-15","0.9.6-16","0.9.6-17","0.9.6-18","0.9.6-19","0.9.6-20","0.9.6-21","0.9.6-22","0.9.6-23","0.9.7","0.9.7-0","0.9.7-1","0.9.7-1.1","0.9.7-1.2","0.9.7-1.3","0.9.7-1.4","0.9.7-2","0.9.7-2-1","0.9.7-2-2","0.9.7-2-3","0.9.7-2-4","0.9.7-2-5","0.9.7-3","0.9.7-3-1","0.9.7-3-2","0.9.7-3-3","0.9.7-3-4","0.9.7-3-5","0.9.8","0.9.8-1","0.9.8-2","0.9.8-3","0.9.8-4","0.9.8-5","0.9.8-6","0.9.8-7","0.9.9","0.9.9-1","0.9.9-2","0.9.9-3","0.9.9-4","0.9.9-5","0.9.9-6","0.9.9-7","0.9.9-8","1.0.0","1.0.1","1.0.2","1.1.0-beta","1.1.0","1.1.1","1.1.2","1.1.3","1.1.4","1.1.5","1.1.6","1.1.7","1.1.8","1.1.9","1.1.10","1.1.11","1.2.0","1.2.1","1.2.2","1.2.3","1.2.4","1.2.5","1.2.6","1.2.7","1.2.8","1.2.9","1.2.10","1.2.11","1.2.12","1.2.13","1.2.14","1.3.0","1.3.1","1.3.2","1.3.3","1.3.4","1.3.5","1.3.6","1.3.7","1.3.8","1.3.9","1.3.10","1.3.11","1.3.12","1.3.14","1.3.15","1.3.17","1.3.18","1.3.19","1.4.0-rc2","1.3.20","1.4.0-rc3","1.3.21","1.3.22","1.3.23","1.4.0-rc4","1.4.0-rc5","1.4.0-rc6","1.4.0-rc7","1.4.0-rc8","1.4.0-rc9","1.4.0-rc10","1.4.0","1.4.1","1.4.2","1.4.3","1.4.4","1.4.5","1.4.6","1.4.7","1.4.8","1.4.9","1.4.10","2.0.0-alpha1","1.4.11","1.4.12","1.4.14","1.4.15","1.4.16","1.4.17","2.0.0-alpha2","1.4.18","2.0.0","2.0.1","2.0.2","1.4.19","2.0.3","2.0.4","2.0.5","2.0.6","1.4.20","1.4.22","2.0.7","2.0.8","2.0.9","1.4.23","2.0.10","1.4.24","2.0.11","1.4.25","2.0.12","1.4.26","1.4.27","1.4.28","2.0.13","2.0.14","1.4.29","2.0.15","1.4.30","2.0.16","1.4.31","2.0.17","1.4.32","2.0.18","2.0.19","1.4.33","2.0.20","2.0.21","1.4.34","2.0.22","2.0.23","1.4.35","2.0.24","2.0.25","2.0.26","2.0.27","2.0.28","2.0.29","1.4.36","2.0.30","1.4.37","2.0.31","1.4.38","2.0.32","2.0.33","2.1.0-alpha","2.0.34","2.0.35","2.0.36","2.0.37","2.0.38","2.0.39","1.4.39","2.0.40","2.0.41","2.0.42","2.0.43","2.0.44","2.0.45"]
86 error notarget
86 error notarget This is most likely not a problem with npm itself.
86 error notarget In most cases you or one of your dependencies are requesting
86 error notarget a package version that doesn't exist.
87 error System Darwin 15.0.0
88 error command "/usr/local/bin/node" "/usr/local/bin/npm" "install"
89 error cwd /Users/Shared/projects/fitness-tracker
90 error node -v v0.10.33
91 error npm -v 1.4.28
92 error code ETARGET
93 verbose exit [ 1, true ]
